<?xml version="1.0" encoding="UTF-8"?>
<!-- Generated by org.testng.reporters.JUnitReportReporter -->
<testsuite hostname="Edwins-MacBook-Pro.local" failures="0" tests="1" name="NewTest" time="3.415" errors="0" timestamp="23 Mar. 2019 18:46:12 GMT" skipped="0">
  <testcase classname="NewTest" name="gooleTest" time="3.415"/>
</testsuite> <!-- NewTest -->
